AAPL: 403 Client Error: Forbidden for url: https://financialmodelingprep.com/api/v3/earning_call_transcript/AAPL?apikey=63ceFWZAS8IJDkAuRKJLyWDzjYYoY5Mm
MSFT: 403 Client Error: Forbidden for url: https://financialmodelingprep.com/api/v3/earning_call_transcript/MSFT?apikey=63ceFWZAS8IJDkAuRKJLyWDzjYYoY5Mm
MSFT: transcripts: 403 Client Error: Forbidden for url: https://financialmodelingprep.com/api/v3/earning_call_transcript/MSFT?apikey=63ceFWZAS8IJDkAuRKJLyWDzjYYoY5Mm
MSFT: financials: 403 Client Error: Forbidden for url: https://financialmodelingprep.com/api/v3/earnings-surprises/MSFT?apikey=63ceFWZAS8IJDkAuRKJLyWDzjYYoY5Mm
AAPL: transcripts: 403 Client Error: Forbidden for url: https://financialmodelingprep.com/api/v3/earning_call_transcript/AAPL?apikey=63ceFWZAS8IJDkAuRKJLyWDzjYYoY5Mm
AAPL: financials: 403 Client Error: Forbidden for url: https://financialmodelingprep.com/api/v3/earnings-surprises/AAPL?apikey=63ceFWZAS8IJDkAuRKJLyWDzjYYoY5Mm
MSFT: transcripts: 403 Client Error: Forbidden for url: https://financialmodelingprep.com/api/v3/earning_call_transcript/MSFT?apikey=63ceFWZAS8IJDkAuRKJLyWDzjYYoY5Mm
MSFT: financials: 403 Client Error: Forbidden for url: https://financialmodelingprep.com/api/v3/earnings-surprises/MSFT?apikey=63ceFWZAS8IJDkAuRKJLyWDzjYYoY5Mm
GOOGL: transcripts: 403 Client Error: Forbidden for url: https://financialmodelingprep.com/api/v3/earning_call_transcript/GOOGL?apikey=63ceFWZAS8IJDkAuRKJLyWDzjYYoY5Mm
GOOGL: financials: 403 Client Error: Forbidden for url: https://financialmodelingprep.com/api/v3/earnings-surprises/GOOGL?apikey=63ceFWZAS8IJDkAuRKJLyWDzjYYoY5Mm
AMZN: transcripts: 403 Client Error: Forbidden for url: https://financialmodelingprep.com/api/v3/earning_call_transcript/AMZN?apikey=63ceFWZAS8IJDkAuRKJLyWDzjYYoY5Mm
AMZN: financials: 403 Client Error: Forbidden for url: https://financialmodelingprep.com/api/v3/earnings-surprises/AMZN?apikey=63ceFWZAS8IJDkAuRKJLyWDzjYYoY5Mm
NVDA: transcripts: 403 Client Error: Forbidden for url: https://financialmodelingprep.com/api/v3/earning_call_transcript/NVDA?apikey=63ceFWZAS8IJDkAuRKJLyWDzjYYoY5Mm
NVDA: financials: 403 Client Error: Forbidden for url: https://financialmodelingprep.com/api/v3/earnings-surprises/NVDA?apikey=63ceFWZAS8IJDkAuRKJLyWDzjYYoY5Mm
AAPL: transcripts: 403 Client Error: Forbidden for url: https://financialmodelingprep.com/api/v3/earning_call_transcript/AAPL?apikey=63ceFWZAS8IJDkAuRKJLyWDzjYYoY5Mm
AAPL: financials: 403 Client Error: Forbidden for url: https://financialmodelingprep.com/api/v3/earnings-surprises/AAPL?apikey=63ceFWZAS8IJDkAuRKJLyWDzjYYoY5Mm
MSFT: transcripts: 403 Client Error: Forbidden for url: https://financialmodelingprep.com/api/v3/earning_call_transcript/MSFT?apikey=63ceFWZAS8IJDkAuRKJLyWDzjYYoY5Mm
MSFT: financials: 403 Client Error: Forbidden for url: https://financialmodelingprep.com/api/v3/earnings-surprises/MSFT?apikey=63ceFWZAS8IJDkAuRKJLyWDzjYYoY5Mm
GOOGL: transcripts: 403 Client Error: Forbidden for url: https://financialmodelingprep.com/api/v3/earning_call_transcript/GOOGL?apikey=63ceFWZAS8IJDkAuRKJLyWDzjYYoY5Mm
GOOGL: financials: 403 Client Error: Forbidden for url: https://financialmodelingprep.com/api/v3/earnings-surprises/GOOGL?apikey=63ceFWZAS8IJDkAuRKJLyWDzjYYoY5Mm
AAPL: transcripts: Legacy Endpoint : Due to Legacy endpoints being no longer supported - This endpoint is only available for legacy users who have valid subscriptions prior August 31, 2025. Please visit our documentation page https://site.financialmodelingprep.com/developer/docs for our current APIs.
AAPL: financials: Legacy Endpoint : Due to Legacy endpoints being no longer supported - This endpoint is only available for legacy users who have valid subscriptions prior August 31, 2025. Please visit our documentation page https://site.financialmodelingprep.com/developer/docs for our current APIs.
AAPL: transcripts: Legacy Endpoint : Due to Legacy endpoints being no longer supported - This endpoint is only available for legacy users who have valid subscriptions prior August 31, 2025. Please visit our documentation page https://site.financialmodelingprep.com/developer/docs for our current APIs.
AAPL: financials: Legacy Endpoint : Due to Legacy endpoints being no longer supported - This endpoint is only available for legacy users who have valid subscriptions prior August 31, 2025. Please visit our documentation page https://site.financialmodelingprep.com/developer/docs for our current APIs.
MSFT: transcripts: Legacy Endpoint : Due to Legacy endpoints being no longer supported - This endpoint is only available for legacy users who have valid subscriptions prior August 31, 2025. Please visit our documentation page https://site.financialmodelingprep.com/developer/docs for our current APIs.
MSFT: financials: Legacy Endpoint : Due to Legacy endpoints being no longer supported - This endpoint is only available for legacy users who have valid subscriptions prior August 31, 2025. Please visit our documentation page https://site.financialmodelingprep.com/developer/docs for our current APIs.
GOOGL: transcripts: Legacy Endpoint : Due to Legacy endpoints being no longer supported - This endpoint is only available for legacy users who have valid subscriptions prior August 31, 2025. Please visit our documentation page https://site.financialmodelingprep.com/developer/docs for our current APIs.
GOOGL: financials: Legacy Endpoint : Due to Legacy endpoints being no longer supported - This endpoint is only available for legacy users who have valid subscriptions prior August 31, 2025. Please visit our documentation page https://site.financialmodelingprep.com/developer/docs for our current APIs.
AAPL: transcripts: Legacy Endpoint : Due to Legacy endpoints being no longer supported - This endpoint is only available for legacy users who have valid subscriptions prior August 31, 2025. Please visit our documentation page https://site.financialmodelingprep.com/developer/docs for our current APIs.
AAPL: financials: Legacy Endpoint : Due to Legacy endpoints being no longer supported - This endpoint is only available for legacy users who have valid subscriptions prior August 31, 2025. Please visit our documentation page https://site.financialmodelingprep.com/developer/docs for our current APIs.
MSFT: transcripts: Legacy Endpoint : Due to Legacy endpoints being no longer supported - This endpoint is only available for legacy users who have valid subscriptions prior August 31, 2025. Please visit our documentation page https://site.financialmodelingprep.com/developer/docs for our current APIs.
MSFT: financials: Legacy Endpoint : Due to Legacy endpoints being no longer supported - This endpoint is only available for legacy users who have valid subscriptions prior August 31, 2025. Please visit our documentation page https://site.financialmodelingprep.com/developer/docs for our current APIs.
GOOGL: transcripts: Legacy Endpoint : Due to Legacy endpoints being no longer supported - This endpoint is only available for legacy users who have valid subscriptions prior August 31, 2025. Please visit our documentation page https://site.financialmodelingprep.com/developer/docs for our current APIs.
GOOGL: financials: Legacy Endpoint : Due to Legacy endpoints being no longer supported - This endpoint is only available for legacy users who have valid subscriptions prior August 31, 2025. Please visit our documentation page https://site.financialmodelingprep.com/developer/docs for our current APIs.
AMZN: transcripts: Legacy Endpoint : Due to Legacy endpoints being no longer supported - This endpoint is only available for legacy users who have valid subscriptions prior August 31, 2025. Please visit our documentation page https://site.financialmodelingprep.com/developer/docs for our current APIs.
AMZN: financials: Legacy Endpoint : Due to Legacy endpoints being no longer supported - This endpoint is only available for legacy users who have valid subscriptions prior August 31, 2025. Please visit our documentation page https://site.financialmodelingprep.com/developer/docs for our current APIs.
NVDA: transcripts: Legacy Endpoint : Due to Legacy endpoints being no longer supported - This endpoint is only available for legacy users who have valid subscriptions prior August 31, 2025. Please visit our documentation page https://site.financialmodelingprep.com/developer/docs for our current APIs.
NVDA: financials: Legacy Endpoint : Due to Legacy endpoints being no longer supported - This endpoint is only available for legacy users who have valid subscriptions prior August 31, 2025. Please visit our documentation page https://site.financialmodelingprep.com/developer/docs for our current APIs.
AAPL: transcripts: Legacy Endpoint : Due to Legacy endpoints being no longer supported - This endpoint is only available for legacy users who have valid subscriptions prior August 31, 2025. Please visit our documentation page https://site.financialmodelingprep.com/developer/docs for our current APIs.
AAPL: financials: yfinance is required for financial collection.
AAPL: transcripts: Legacy Endpoint : Due to Legacy endpoints being no longer supported - This endpoint is only available for legacy users who have valid subscriptions prior August 31, 2025. Please visit our documentation page https://site.financialmodelingprep.com/developer/docs for our current APIs.
AAPL: financials: lxml not found, please install it
AAPL: transcripts: Legacy Endpoint : Due to Legacy endpoints being no longer supported - This endpoint is only available for legacy users who have valid subscriptions prior August 31, 2025. Please visit our documentation page https://site.financialmodelingprep.com/developer/docs for our current APIs.
AAPL: financials: _safe_float() got an unexpected keyword argument 'default'
AAPL: transcripts: Legacy Endpoint : Due to Legacy endpoints being no longer supported - This endpoint is only available for legacy users who have valid subscriptions prior August 31, 2025. Please visit our documentation page https://site.financialmodelingprep.com/developer/docs for our current APIs.
MSFT: transcripts: Legacy Endpoint : Due to Legacy endpoints being no longer supported - This endpoint is only available for legacy users who have valid subscriptions prior August 31, 2025. Please visit our documentation page https://site.financialmodelingprep.com/developer/docs for our current APIs.
GOOGL: transcripts: Legacy Endpoint : Due to Legacy endpoints being no longer supported - This endpoint is only available for legacy users who have valid subscriptions prior August 31, 2025. Please visit our documentation page https://site.financialmodelingprep.com/developer/docs for our current APIs.
